2021-04-10 05:26:55,222 [Worker-3: Loading available Gradle versions] INFO  o.e.b.c.i.u.g.PublishedGradleVersions - Gradle version information cache is up-to-date. Trying to read.
2021-04-10 06:08:05,413 [Worker-2: Loading available Gradle versions] INFO  o.e.b.c.i.u.g.PublishedGradleVersions - Gradle version information cache is up-to-date. Trying to read.
2021-04-10 06:21:00,516 [Worker-29: Creating project "test"] INFO  o.e.m.c.i.l.LifecycleMappingFactory - Using org.eclipse.m2e.jdt.JarLifecycleMapping lifecycle mapping for MavenProject: test:test:0.0.1-SNAPSHOT @ D:\java-call-application\test\pom.xml.
2021-04-10 06:21:01,430 [Worker-29: Creating project "test"] INFO  o.e.m.j.i.AbstractJavaProjectConfigurator - Adding source folder /test/src/main/java
2021-04-10 06:21:01,432 [Worker-29: Creating project "test"] INFO  o.e.m.j.i.AbstractJavaProjectConfigurator - Adding resource folder /test/src/main/resources
2021-04-10 06:21:01,432 [Worker-29: Creating project "test"] INFO  o.e.m.j.i.AbstractJavaProjectConfigurator - Adding source folder /test/src/test/java
2021-04-10 06:21:01,432 [Worker-29: Creating project "test"] INFO  o.e.m.j.i.AbstractJavaProjectConfigurator - Adding resource folder /test/src/test/resources
2021-04-10 06:21:01,696 [Worker-29: Building] WARN  o.e.m.c.i.embedder.EclipseLogger - Using platform encoding (Cp1252 actually) to copy filtered resources, i.e. build is platform dependent!
2021-04-10 06:21:01,700 [Worker-29: Building] INFO  o.e.m.c.i.embedder.EclipseLogger - Copying 0 resource
2021-04-10 06:21:01,701 [Worker-29: Building] WARN  o.e.m.c.i.embedder.EclipseLogger - Using platform encoding (Cp1252 actually) to copy filtered resources, i.e. build is platform dependent!
2021-04-10 06:21:01,702 [Worker-29: Building] INFO  o.e.m.c.i.embedder.EclipseLogger - Copying 0 resource
2021-04-10 06:21:29,907 [Worker-29: Building] INFO  o.e.m.c.i.l.LifecycleMappingFactory - Using org.eclipse.m2e.jdt.JarLifecycleMapping lifecycle mapping for MavenProject: test:test:0.0.1-SNAPSHOT @ D:\java-call-application\test\pom.xml.
2021-04-10 06:21:39,920 [Worker-31: Building] INFO  o.e.m.c.i.l.LifecycleMappingFactory - Using org.eclipse.m2e.jdt.JarLifecycleMapping lifecycle mapping for MavenProject: test:test:0.0.1-SNAPSHOT @ D:\java-call-application\test\pom.xml.
2021-04-10 06:21:40,576 [Worker-30: reload maven project] INFO  o.e.m.c.i.e.AbstractTransferListenerAdapter - Downloading https://repo.maven.apache.org/maven2/org/eclipse/platform/org.eclipse.swt/3.116.0/org.eclipse.swt-3.116.0.pom
2021-04-10 06:21:40,963 [Worker-30: reload maven project] INFO  o.e.m.c.i.e.AbstractTransferListenerAdapter - Downloaded https://repo.maven.apache.org/maven2/org/eclipse/platform/org.eclipse.swt/3.116.0/org.eclipse.swt-3.116.0.pom
2021-04-10 06:21:40,967 [Worker-30: reload maven project] WARN  o.e.m.c.i.embedder.EclipseLogger - The POM for org.eclipse.platform:org.eclipse.swt:jar:3.116.0 is invalid, transitive dependencies (if any) will not be available, enable debug logging for more details
2021-04-10 06:21:41,062 [Worker-31: Building] INFO  o.e.m.c.i.e.AbstractTransferListenerAdapter - Downloading https://repo.maven.apache.org/maven2/org/eclipse/platform/org.eclipse.swt/3.116.0/org.eclipse.swt-3.116.0.pom
2021-04-10 06:21:41,145 [Worker-30: reload maven project] INFO  o.e.m.c.i.e.AbstractTransferListenerAdapter - Downloading https://repo.maven.apache.org/maven2/org/eclipse/platform/org.eclipse.swt/3.116.0/org.eclipse.swt-3.116.0.jar
2021-04-10 06:21:41,469 [Worker-30: reload maven project] INFO  o.e.m.c.i.e.AbstractTransferListenerAdapter - Downloaded https://repo.maven.apache.org/maven2/org/eclipse/platform/org.eclipse.swt/3.116.0/org.eclipse.swt-3.116.0.jar
2021-04-10 06:21:41,473 [Worker-31: Building] INFO  o.e.m.c.i.e.AbstractTransferListenerAdapter - Downloaded https://repo.maven.apache.org/maven2/org/eclipse/platform/org.eclipse.swt/3.116.0/org.eclipse.swt-3.116.0.pom
2021-04-10 06:21:41,479 [Worker-31: Building] WARN  o.e.m.c.i.embedder.EclipseLogger - The POM for org.eclipse.platform:org.eclipse.swt:jar:3.116.0 is invalid, transitive dependencies (if any) will not be available, enable debug logging for more details
2021-04-10 06:21:41,574 [Worker-31: Building] WARN  o.e.m.c.i.embedder.EclipseLogger - Using platform encoding (Cp1252 actually) to copy filtered resources, i.e. build is platform dependent!
2021-04-10 06:21:41,577 [Worker-31: Building] INFO  o.e.m.c.i.embedder.EclipseLogger - Copying 0 resource
2021-04-10 06:21:41,579 [Worker-31: Building] WARN  o.e.m.c.i.embedder.EclipseLogger - Using platform encoding (Cp1252 actually) to copy filtered resources, i.e. build is platform dependent!
2021-04-10 06:21:41,579 [Worker-31: Building] INFO  o.e.m.c.i.embedder.EclipseLogger - Copying 0 resource
2021-04-10 06:21:42,503 [Worker-22: Download sources and javadoc] WARN  o.e.m.c.i.embedder.EclipseLogger - The POM for org.eclipse.platform:org.eclipse.swt:jar:3.116.0 is invalid, transitive dependencies (if any) will not be available, enable debug logging for more details
2021-04-10 06:21:42,812 [Worker-31: Building] WARN  o.e.m.c.i.embedder.EclipseLogger - Using platform encoding (Cp1252 actually) to copy filtered resources, i.e. build is platform dependent!
2021-04-10 06:21:42,813 [Worker-31: Building] INFO  o.e.m.c.i.embedder.EclipseLogger - Copying 0 resource
2021-04-10 06:21:42,814 [Worker-31: Building] WARN  o.e.m.c.i.embedder.EclipseLogger - Using platform encoding (Cp1252 actually) to copy filtered resources, i.e. build is platform dependent!
2021-04-10 06:21:42,815 [Worker-31: Building] INFO  o.e.m.c.i.embedder.EclipseLogger - Copying 0 resource
2021-04-10 06:21:43,344 [Worker-22: Download sources and javadoc] INFO  o.e.m.c.i.e.AbstractTransferListenerAdapter - Downloaded https://repo.maven.apache.org/maven2/org/eclipse/platform/org.eclipse.swt/3.116.0/org.eclipse.swt-3.116.0-sources.jar
2021-04-10 06:21:43,349 [Worker-22: Download sources and javadoc] ERROR o.e.m.j.internal.DownloadSourcesJob - Could not download sources for org.eclipse.platform:org.eclipse.swt:3.116.0
org.eclipse.core.runtime.CoreException: Could not resolve artifact org.eclipse.platform:org.eclipse.swt:jar:sources:3.116.0
	at org.eclipse.m2e.core.internal.embedder.MavenImpl.lambda$4(MavenImpl.java:804)
	at org.eclipse.m2e.core.internal.embedder.MavenExecutionContext.executeBare(MavenExecutionContext.java:179)
	at org.eclipse.m2e.core.internal.embedder.MavenExecutionContext.execute(MavenExecutionContext.java:114)
	at org.eclipse.m2e.core.internal.embedder.MavenExecutionContext.execute(MavenExecutionContext.java:101)
	at org.eclipse.m2e.core.internal.embedder.MavenImpl.resolve(MavenImpl.java:772)
	at org.eclipse.m2e.core.internal.embedder.MavenImpl.resolve(MavenImpl.java:749)
	at org.eclipse.m2e.jdt.internal.DownloadSourcesJob.download(DownloadSourcesJob.java:330)
	at org.eclipse.m2e.jdt.internal.DownloadSourcesJob.downloadAttachments(DownloadSourcesJob.java:304)
	at org.eclipse.m2e.jdt.internal.DownloadSourcesJob.downloadMaven(DownloadSourcesJob.java:269)
	at org.eclipse.m2e.jdt.internal.DownloadSourcesJob.downloadFilesAndPopulateToUpdate(DownloadSourcesJob.java:233)
	at org.eclipse.m2e.jdt.internal.DownloadSourcesJob.lambda$0(DownloadSourcesJob.java:161)
	at org.eclipse.m2e.core.internal.embedder.MavenExecutionContext.executeBare(MavenExecutionContext.java:179)
	at org.eclipse.m2e.core.internal.embedder.MavenExecutionContext.execute(MavenExecutionContext.java:153)
	at org.eclipse.m2e.core.internal.embedder.MavenExecutionContext.execute(MavenExecutionContext.java:101)
	at org.eclipse.m2e.core.internal.embedder.MavenImpl.execute(MavenImpl.java:1374)
	at org.eclipse.m2e.jdt.internal.DownloadSourcesJob.run(DownloadSourcesJob.java:161)
	at org.eclipse.core.internal.jobs.Worker.run(Worker.java:63)
